category=owner_admin_reserve
current_holder=0x17C33dB369B0BcAcEc40115f5D1665f43fF70361
beneficiary=0x17C33dB369B0BcAcEc40115f5D1665f43fF70361
amount=77.328652332880517632
vesting_wallet=0x707Ec5f1297607d70Ea410B83260cf03a10438b6
---
category=operator_wallet_reserve
current_holder=0x3487E1fF712791C67A17D7E2fE45Af8C3E732C10
beneficiary=0x3487E1fF712791C67A17D7E2fE45Af8C3E732C10
amount=35.441280728647190857
vesting_wallet=0x4feBbD89008fD6369ED572cA54Bb85a6f5a81558
---
category=treasury_reserve
current_holder=0xCd101D34FB1Adf308aF1712Eb04316f48FEA74Da
beneficiary=0xCd101D34FB1Adf308aF1712Eb04316f48FEA74Da
amount=6.801702295950136389
vesting_wallet=0x40E7C41E29B2832F405055a398d7B3cf190D9D3e
---
category=ecosystem_growth
current_holder=0x27c97c377f43e73b1F62b317E3499B510e5a0C95
beneficiary=0x27c97c377f43e73b1F62b317E3499B510e5a0C95
amount=4.429397493272334449
vesting_wallet=0xa772aFB317fe85106b86197C405b799C532fBe25
---
category=team_core_contributors
current_holder=0x330fccDcc5360ffE8a35D516fd022c22633285Ea
beneficiary=0x330fccDcc5360ffE8a35D516fd022c22633285Ea
amount=35.148534040780626171
vesting_wallet=0x77BAdf61361EdF373657C78D32541ad94731c0CB
---
category=future_liquidity
current_holder=0x366f725370Fa789528a1144DfEDc1B553cb00E11
beneficiary=0x366f725370Fa789528a1144DfEDc1B553cb00E11
amount=50.0
vesting_wallet=0x31f1D9f3Bc3cF959490455FFC2116E9d8c23704c
---
category=marketing_partnerships
current_holder=0x303Ad90E05C8F46EC87B0DD5B113C9224E8b8182
beneficiary=0x303Ad90E05C8F46EC87B0DD5B113C9224E8b8182
amount=83.900104792637983626
vesting_wallet=0x9DBE8E21F101FBc3E5f553ff9C40D00f56f49433
---
